{
  "0 debug pnpm:scope": {
    "selected": 1,
    "workspacePrefix": "/Users/zhangyc/Documents/z/petite-vue3"
  },
  "1 error pnpm": {
    "errno": 1,
    "code": "ELIFECYCLE",
    "pkgid": "petite-vue3@1.0.0",
    "stage": "dev",
    "script": "node scripts/dev.js reactivity -f esm-bundler  -s",
    "pkgname": "petite-vue3",
    "err": {
      "name": "pnpm",
      "message": "petite-vue3@1.0.0 dev: `node scripts/dev.js reactivity -f esm-bundler  -s`\nExit status 1",
      "code": "ELIFECYCLE",
      "stack": "pnpm: petite-vue3@1.0.0 dev: `node scripts/dev.js reactivity -f esm-bundler  -s`\nExit status 1\n    at EventEmitter.<anonymous> (/usr/local/lib/node_modules/pnpm/dist/pnpm.cjs:103315:20)\n    at EventEmitter.emit (events.js:400:28)\n    at ChildProcess.<anonymous> (/usr/local/lib/node_modules/pnpm/dist/pnpm.cjs:91255:18)\n    at ChildProcess.emit (events.js:400:28)\n    at maybeClose (internal/child_process.js:1055:16)\n    at Process.ChildProcess._handle.onexit (internal/child_process.js:288:5)"
    }
  },
  "2 warn pnpm:global": " Local package.json exists, but node_modules missing, did you mean to install?"
}